INFO 2025-09-30 12:43:16,551 autoreload 18513 4712355328 Watching for file changes with StatReloader
INFO 2025-09-30 12:43:38,884 basehttp 18513 123145588068352 "GET /admin/ HTTP/1.1" 302 0
INFO 2025-09-30 12:43:39,422 basehttp 18513 123145588068352 "GET /admin/login/?next=/admin/ HTTP/1.1" 200 4186
INFO 2025-09-30 12:43:39,480 basehttp 18513 123145621647360 "GET /static/admin/js/theme.js HTTP/1.1" 200 1653
INFO 2025-09-30 12:43:39,481 basehttp 18513 123145588068352 "GET /static/admin/css/dark_mode.css HTTP/1.1" 200 2808
INFO 2025-09-30 12:43:39,482 basehttp 18513 123145655226368 "GET /static/admin/css/login.css HTTP/1.1" 200 951
INFO 2025-09-30 12:43:39,482 basehttp 18513 123145638436864 "GET /static/admin/css/nav_sidebar.css HTTP/1.1" 200 2810
INFO 2025-09-30 12:43:39,482 basehttp 18513 123145672015872 "GET /static/admin/css/responsive.css HTTP/1.1" 200 16565
INFO 2025-09-30 12:43:39,483 basehttp 18513 123145604857856 "GET /static/admin/css/base.css HTTP/1.1" 200 22120
INFO 2025-09-30 12:43:39,600 basehttp 18513 123145672015872 "GET /static/admin/js/nav_sidebar.js HTTP/1.1" 200 3063
WARNING 2025-09-30 12:43:39,674 log 18513 123145672015872 Not Found: /favicon.ico
WARNING 2025-09-30 12:43:39,674 basehttp 18513 123145672015872 "GET /favicon.ico HTTP/1.1" 404 2365
INFO 2025-09-30 12:43:51,463 basehttp 18513 123145672015872 "POST /admin/login/?next=/admin/ HTTP/1.1" 302 0
INFO 2025-09-30 12:43:52,236 basehttp 18513 123145672015872 "GET /admin/ HTTP/1.1" 200 18746
INFO 2025-09-30 12:43:52,268 basehttp 18513 123145672015872 "GET /static/admin/css/dashboard.css HTTP/1.1" 200 441
INFO 2025-09-30 12:43:52,277 basehttp 18513 123145672015872 "GET /static/admin/img/icon-addlink.svg HTTP/1.1" 200 331
INFO 2025-09-30 12:43:52,277 basehttp 18513 123145604857856 "GET /static/admin/img/icon-changelink.svg HTTP/1.1" 200 380
INFO 2025-09-30 12:43:52,278 basehttp 18513 123145655226368 "GET /static/admin/img/icon-viewlink.svg HTTP/1.1" 200 581
INFO 2025-09-30 12:43:58,121 basehttp 18513 123145655226368 "GET /admin/trading/trade/ HTTP/1.1" 200 23062
INFO 2025-09-30 12:43:58,159 basehttp 18513 123145672015872 "GET /static/admin/css/changelists.css HTTP/1.1" 200 6878
INFO 2025-09-30 12:43:58,162 basehttp 18513 123145621647360 "GET /static/admin/js/core.js HTTP/1.1" 200 6208
INFO 2025-09-30 12:43:58,164 basehttp 18513 123145588068352 "GET /static/admin/js/jquery.init.js HTTP/1.1" 200 347
INFO 2025-09-30 12:43:58,169 basehttp 18513 123145672015872 "GET /static/admin/js/admin/RelatedObjectLookups.js HTTP/1.1" 200 9777
INFO 2025-09-30 12:43:58,170 basehttp 18513 123145621647360 "GET /static/admin/js/actions.js HTTP/1.1" 200 8076
INFO 2025-09-30 12:43:58,171 basehttp 18513 123145588068352 "GET /static/admin/js/urlify.js HTTP/1.1" 200 7887
INFO 2025-09-30 12:43:58,175 basehttp 18513 123145588068352 "GET /static/admin/img/search.svg HTTP/1.1" 200 458
INFO 2025-09-30 12:43:58,176 basehttp 18513 123145672015872 "GET /static/admin/js/prepopulate.js HTTP/1.1" 200 1531
INFO 2025-09-30 12:43:58,183 basehttp 18513 123145655226368 "GET /static/admin/js/vendor/jquery/jquery.js HTTP/1.1" 200 285314
INFO 2025-09-30 12:43:58,184 basehttp 18513 123145604857856 "GET /static/admin/js/vendor/xregexp/xregexp.js HTTP/1.1" 200 325171
INFO 2025-09-30 12:43:58,191 basehttp 18513 123145604857856 "GET /static/admin/js/filters.js HTTP/1.1" 200 978
INFO 2025-09-30 12:44:01,733 basehttp 18513 123145638436864 "GET /admin/jsi18n/ HTTP/1.1" 200 3342
INFO 2025-09-30 12:44:01,769 basehttp 18513 123145638436864 "GET /static/admin/img/tooltag-add.svg HTTP/1.1" 200 331
INFO 2025-09-30 12:44:16,323 basehttp 18513 123145638436864 "GET /admin/trading/trade/c60e2904-aa8a-4ed4-a5e3-7b1b8529b9c9/change/ HTTP/1.1" 200 45926
INFO 2025-09-30 12:44:16,363 basehttp 18513 123145588068352 "GET /static/admin/js/admin/DateTimeShortcuts.js HTTP/1.1" 200 19319
INFO 2025-09-30 12:44:16,366 basehttp 18513 123145604857856 "GET /static/admin/css/forms.css HTTP/1.1" 200 8525
INFO 2025-09-30 12:44:16,368 basehttp 18513 123145672015872 "GET /static/admin/js/inlines.js HTTP/1.1" 200 15628
INFO 2025-09-30 12:44:16,369 basehttp 18513 123145655226368 "GET /static/admin/js/calendar.js HTTP/1.1" 200 9141
INFO 2025-09-30 12:44:16,370 basehttp 18513 123145621647360 "GET /static/admin/js/prepopulate_init.js HTTP/1.1" 200 586
INFO 2025-09-30 12:44:16,372 basehttp 18513 123145655226368 "GET /static/admin/css/widgets.css HTTP/1.1" 200 11991
INFO 2025-09-30 12:44:16,382 basehttp 18513 123145655226368 "GET /static/admin/js/change_form.js HTTP/1.1" 200 606
INFO 2025-09-30 12:44:17,042 basehttp 18513 123145638436864 "GET /admin/jsi18n/ HTTP/1.1" 200 3342
INFO 2025-09-30 12:44:17,136 basehttp 18513 123145655226368 "GET /static/admin/img/icon-clock.svg HTTP/1.1" 200 677
INFO 2025-09-30 12:44:17,136 basehttp 18513 123145638436864 "GET /static/admin/img/icon-calendar.svg HTTP/1.1" 200 1086
INFO 2025-09-30 12:45:03,138 basehttp 18513 123145655226368 "GET /admin/trading/tradehistory/ HTTP/1.1" 200 22067
INFO 2025-09-30 12:45:06,542 basehttp 18513 123145655226368 "GET /admin/jsi18n/ HTTP/1.1" 200 3342
INFO 2025-09-30 12:45:32,962 basehttp 18513 123145655226368 "GET /admin/trading/tradehistory/ef684682-4202-4e59-a86a-3efdd0d9508f/change/ HTTP/1.1" 200 28337
INFO 2025-09-30 12:45:33,738 basehttp 18513 123145655226368 "GET /admin/jsi18n/ HTTP/1.1" 200 3342
INFO 2025-09-30 12:45:51,423 basehttp 18513 123145655226368 "GET /admin/trading/trade/ HTTP/1.1" 200 23062
INFO 2025-09-30 12:45:52,136 basehttp 18513 123145655226368 "GET /admin/jsi18n/ HTTP/1.1" 200 3342
INFO 2025-09-30 12:45:59,883 basehttp 18513 123145655226368 "GET /admin/trading/trade/c60e2904-aa8a-4ed4-a5e3-7b1b8529b9c9/change/ HTTP/1.1" 200 45926
INFO 2025-09-30 12:46:00,665 basehttp 18513 123145655226368 "GET /admin/jsi18n/ HTTP/1.1" 200 3342
INFO 2025-09-30 12:46:28,164 basehttp 18513 123145688805376 "POST //api/v1/trading/api/trading/place-order/ HTTP/1.1" 201 205
INFO 2025-09-30 12:46:36,557 basehttp 18513 123145655226368 "GET /admin/trading/tradehistory/ HTTP/1.1" 200 22782
INFO 2025-09-30 12:46:39,952 basehttp 18513 123145655226368 "GET /admin/jsi18n/ HTTP/1.1" 200 3342
INFO 2025-09-30 12:46:59,378 basehttp 18513 123145655226368 "GET /admin/trading/trade/ HTTP/1.1" 200 23062
INFO 2025-09-30 12:47:02,536 basehttp 18513 123145655226368 "GET /admin/jsi18n/ HTTP/1.1" 200 3342
INFO 2025-09-30 12:47:06,275 basehttp 18513 123145655226368 "GET /admin/trading/trade/c60e2904-aa8a-4ed4-a5e3-7b1b8529b9c9/change/ HTTP/1.1" 200 45926
INFO 2025-09-30 12:47:09,586 basehttp 18513 123145655226368 "GET /admin/jsi18n/ HTTP/1.1" 200 3342
WARNING 2025-09-30 13:02:44,293 log 18513 123145588068352 Unauthorized: /api/v1/trading/api/trading/place-order/
WARNING 2025-09-30 13:02:44,293 basehttp 18513 123145588068352 "POST //api/v1/trading/api/trading/place-order/ HTTP/1.1" 401 172
INFO 2025-09-30 13:02:51,302 basehttp 18513 123145588068352 "POST //api/v1/account/login/ HTTP/1.1" 200 1025
WARNING 2025-09-30 13:03:07,305 log 18513 123145588068352 Bad Request: /api/v1/trading/api/trading/place-order/
WARNING 2025-09-30 13:03:07,305 basehttp 18513 123145588068352 "POST //api/v1/trading/api/trading/place-order/ HTTP/1.1" 400 69
WARNING 2025-09-30 13:10:17,318 log 18513 123145604857856 Bad Request: /api/v1/trading/api/trading/place-order/
WARNING 2025-09-30 13:10:17,319 basehttp 18513 123145604857856 "POST //api/v1/trading/api/trading/place-order/ HTTP/1.1" 400 69
INFO 2025-09-30 13:11:45,841 basehttp 18513 123145621647360 "POST //api/v1/trading/api/trading/place-order/ HTTP/1.1" 201 205
INFO 2025-09-30 13:15:42,108 basehttp 18513 123145638436864 "GET /admin/trading/trade/c60e2904-aa8a-4ed4-a5e3-7b1b8529b9c9/change/ HTTP/1.1" 200 45925
INFO 2025-09-30 13:15:42,933 basehttp 18513 123145638436864 "GET /admin/jsi18n/ HTTP/1.1" 200 3342
INFO 2025-09-30 13:15:53,941 basehttp 18513 123145638436864 "GET /admin/accounts/userwallet/ HTTP/1.1" 200 31143
INFO 2025-09-30 13:15:57,228 basehttp 18513 123145638436864 "GET /admin/jsi18n/ HTTP/1.1" 200 3342
INFO 2025-09-30 13:16:07,810 basehttp 18513 123145638436864 "GET /admin/accounts/userwallet/78000608-526e-48d7-8e23-cd5be2132d7c/change/ HTTP/1.1" 200 19077
INFO 2025-09-30 13:16:12,023 basehttp 18513 123145638436864 "GET /admin/jsi18n/ HTTP/1.1" 200 3342
INFO 2025-09-30 13:16:25,743 basehttp 18513 123145638436864 "GET /admin/accounts/userprofile/ HTTP/1.1" 200 30595
INFO 2025-09-30 13:16:25,783 basehttp 18513 123145655226368 "GET /static/admin/img/icon-no.svg HTTP/1.1" 200 560
INFO 2025-09-30 13:16:26,600 basehttp 18513 123145638436864 "GET /admin/jsi18n/ HTTP/1.1" 200 3342
INFO 2025-09-30 13:16:43,560 basehttp 18513 123145638436864 "GET /admin/trading/portfolio/ HTTP/1.1" 200 19337
INFO 2025-09-30 13:16:44,296 basehttp 18513 123145638436864 "GET /admin/jsi18n/ HTTP/1.1" 200 3342
INFO 2025-09-30 13:16:49,422 basehttp 18513 123145638436864 "GET /admin/trading/portfolio/8/change/ HTTP/1.1" 200 33248
INFO 2025-09-30 13:16:53,436 basehttp 18513 123145638436864 "GET /admin/jsi18n/ HTTP/1.1" 200 3342
INFO 2025-09-30 13:17:06,170 basehttp 18513 123145638436864 "GET /admin/ HTTP/1.1" 200 18746
WARNING 2025-09-30 13:56:32,442 log 18513 123145638436864 Unauthorized: /api/v1/trading/api/trading/portfolio/summary/
WARNING 2025-09-30 13:56:32,443 basehttp 18513 123145638436864 "GET //api/v1/trading/api/trading/portfolio/summary/ HTTP/1.1" 401 172
INFO 2025-09-30 13:56:38,509 basehttp 18513 123145638436864 "POST //api/v1/account/login/ HTTP/1.1" 200 1025
WARNING 2025-09-30 13:56:58,915 log 18513 123145638436864 Not Found: /api/v1/trading/api/trading/portfolio/summary/
WARNING 2025-09-30 13:56:58,916 basehttp 18513 123145638436864 "GET //api/v1/trading/api/trading/portfolio/summary/ HTTP/1.1" 404 23
WARNING 2025-09-30 13:57:12,201 log 18513 123145638436864 Not Found: /api/v1/trading/api/trading/portfolio/positions/
WARNING 2025-09-30 13:57:12,201 basehttp 18513 123145638436864 "GET //api/v1/trading/api/trading/portfolio/positions/ HTTP/1.1" 404 23
WARNING 2025-09-30 13:57:49,105 log 18513 123145638436864 Not Found: /api/v1/trading/api/trading/portfolio/positions/
WARNING 2025-09-30 13:57:49,106 basehttp 18513 123145638436864 "GET //api/v1/trading/api/trading/portfolio/positions/ HTTP/1.1" 404 23
WARNING 2025-09-30 13:57:56,516 log 18513 123145638436864 Unauthorized: /api/v1/trading/api/trading/history/
WARNING 2025-09-30 13:57:56,516 basehttp 18513 123145638436864 "GET //api/v1/trading/api/trading/history/ HTTP/1.1" 401 172
INFO 2025-09-30 13:58:01,991 basehttp 18513 123145638436864 "GET //api/v1/trading/api/trading/history/ HTTP/1.1" 200 743
WARNING 2025-09-30 13:58:31,164 log 18513 123145638436864 Not Found: /api/v1/trading/api/trading/trades/<uuid:trade_id>/history/
WARNING 2025-09-30 13:58:31,164 basehttp 18513 123145638436864 "GET //api/v1/trading/api/trading/trades/%3Cuuid:trade_id%3E/history/ HTTP/1.1" 404 14949
WARNING 2025-09-30 13:58:57,882 log 18513 123145638436864 Not Found: /api/v1/trading/api/trading/portfolio/positions/
WARNING 2025-09-30 13:58:57,882 basehttp 18513 123145638436864 "GET //api/v1/trading/api/trading/portfolio/positions/ HTTP/1.1" 404 23
WARNING 2025-09-30 16:55:21,988 log 18513 123145655226368 Unauthorized: /api/v1/account/login/
WARNING 2025-09-30 16:55:21,989 basehttp 18513 123145655226368 "POST //api/v1/account/login/ HTTP/1.1" 401 172
INFO 2025-09-30 16:55:28,377 basehttp 18513 123145655226368 "POST //api/v1/account/login/ HTTP/1.1" 200 1025
WARNING 2025-09-30 16:56:33,250 log 18513 123145672015872 Unauthorized: /api/v1/trading/api/trading/place-order/
WARNING 2025-09-30 16:56:33,251 basehttp 18513 123145672015872 "POST //api/v1/trading/api/trading/place-order/ HTTP/1.1" 401 172
INFO 2025-09-30 16:57:15,174 basehttp 18513 123145672015872 "POST //api/v1/trading/api/trading/place-order/ HTTP/1.1" 201 176
INFO 2025-09-30 17:00:33,233 basehttp 18513 123145688805376 "POST //api/v1/trading/api/trading/place-order/ HTTP/1.1" 201 176
INFO 2025-09-30 17:00:44,182 basehttp 18513 123145688805376 "POST //api/v1/trading/api/trading/place-order/ HTTP/1.1" 201 184
INFO 2025-09-30 17:00:53,635 basehttp 18513 123145688805376 "POST //api/v1/trading/api/trading/place-order/ HTTP/1.1" 201 132
WARNING 2025-09-30 17:01:03,787 log 18513 123145688805376 Bad Request: /api/v1/trading/api/trading/place-order/
WARNING 2025-09-30 17:01:03,787 basehttp 18513 123145688805376 "POST //api/v1/trading/api/trading/place-order/ HTTP/1.1" 400 51
INFO 2025-09-30 17:01:17,419 basehttp 18513 123145688805376 "POST //api/v1/trading/api/trading/place-order/ HTTP/1.1" 201 184
INFO 2025-09-30 17:01:36,921 basehttp 18513 123145688805376 "POST //api/v1/trading/api/trading/place-order/ HTTP/1.1" 201 176
INFO 2025-09-30 17:01:50,112 basehttp 18513 123145688805376 "POST //api/v1/trading/api/trading/place-order/ HTTP/1.1" 201 188
INFO 2025-09-30 17:02:00,569 basehttp 18513 123145705594880 "GET /admin/accounts/userprofile/ HTTP/1.1" 302 0
INFO 2025-09-30 17:02:00,577 basehttp 18513 123145705594880 "GET /admin/login/?next=/admin/accounts/userprofile/ HTTP/1.1" 200 4228
WARNING 2025-09-30 17:02:00,657 log 18513 123145705594880 Not Found: /favicon.ico
WARNING 2025-09-30 17:02:00,657 basehttp 18513 123145705594880 "GET /favicon.ico HTTP/1.1" 404 2365
INFO 2025-09-30 17:02:19,285 basehttp 18513 123145739173888 "GET /admin/trading/trade/ HTTP/1.1" 200 26027
INFO 2025-09-30 17:02:20,772 basehttp 18513 123145739173888 "GET /admin/jsi18n/ HTTP/1.1" 200 3342
INFO 2025-09-30 17:02:59,104 basehttp 18513 123145739173888 "GET /admin/trading/trade/ HTTP/1.1" 200 26027
INFO 2025-09-30 17:03:02,735 basehttp 18513 123145739173888 "GET /admin/jsi18n/ HTTP/1.1" 200 3342
INFO 2025-09-30 17:03:24,856 basehttp 18513 123145739173888 "GET /admin/trading/tradehistory/ HTTP/1.1" 200 28499
INFO 2025-09-30 17:03:28,951 basehttp 18513 123145739173888 "GET /admin/jsi18n/ HTTP/1.1" 200 3342
INFO 2025-09-30 17:10:25,073 basehttp 18513 123145705594880 "GET /admin/trading/trade/ HTTP/1.1" 200 26027
INFO 2025-09-30 17:10:25,856 basehttp 18513 123145705594880 "GET /admin/jsi18n/ HTTP/1.1" 200 3342
INFO 2025-09-30 17:10:33,317 basehttp 18513 123145705594880 "GET /admin/trading/portfolio/ HTTP/1.1" 200 19338
INFO 2025-09-30 17:10:37,559 basehttp 18513 123145705594880 "GET /admin/jsi18n/ HTTP/1.1" 200 3342
INFO 2025-09-30 17:10:45,419 basehttp 18513 123145705594880 "GET /admin/trading/portfolio/8/change/ HTTP/1.1" 200 33250
INFO 2025-09-30 17:10:46,147 basehttp 18513 123145705594880 "GET /admin/jsi18n/ HTTP/1.1" 200 3342
INFO 2025-09-30 17:11:54,306 basehttp 18513 123145705594880 "GET /admin/subscriptions/subscriptionorder/ HTTP/1.1" 200 19451
INFO 2025-09-30 17:11:57,837 basehttp 18513 123145705594880 "GET /admin/jsi18n/ HTTP/1.1" 200 3342
INFO 2025-09-30 17:12:01,649 basehttp 18513 123145705594880 "GET /admin/subscriptions/subscriptionorder/add/ HTTP/1.1" 200 34748
INFO 2025-09-30 17:12:01,698 basehttp 18513 123145722384384 "GET /static/admin/img/icon-deletelink.svg HTTP/1.1" 200 392
INFO 2025-09-30 17:12:05,481 basehttp 18513 123145705594880 "GET /admin/jsi18n/ HTTP/1.1" 200 3342
INFO 2025-09-30 17:12:41,476 basehttp 18513 123145705594880 "GET /admin/accounts/userwallet/ HTTP/1.1" 200 31143
INFO 2025-09-30 17:12:42,263 basehttp 18513 123145705594880 "GET /admin/jsi18n/ HTTP/1.1" 200 3342
INFO 2025-09-30 17:12:45,507 basehttp 18513 123145705594880 "GET /admin/accounts/userwallet/f21e5272-41da-47cb-b84b-4c71abab3eed/change/ HTTP/1.1" 200 19117
INFO 2025-09-30 17:12:49,842 basehttp 18513 123145705594880 "GET /admin/jsi18n/ HTTP/1.1" 200 3342
INFO 2025-10-02 12:08:46,598 autoreload 23074 4567340544 Watching for file changes with StatReloader
WARNING 2025-10-02 12:08:55,386 log 23074 123145572036608 Unauthorized: /api/v1/trading/api/trading/
WARNING 2025-10-02 12:08:55,386 basehttp 23074 123145572036608 "GET //api/v1/trading/api/trading/ HTTP/1.1" 401 172
WARNING 2025-10-02 12:09:01,822 log 23074 123145572036608 Unauthorized: /api/v1/trading/api/trading/
WARNING 2025-10-02 12:09:01,823 basehttp 23074 123145572036608 "GET //api/v1/trading/api/trading/ HTTP/1.1" 401 58
INFO 2025-10-02 12:09:12,186 basehttp 23074 123145572036608 "POST //api/v1/account/login/ HTTP/1.1" 200 1025
INFO 2025-10-02 12:09:41,593 basehttp 23074 123145572036608 "GET //api/v1/trading/api/trading/ HTTP/1.1" 200 143
WARNING 2025-10-02 12:09:47,474 log 23074 123145572036608 Unauthorized: /api/v1/trading/api/trading/portfolio/
WARNING 2025-10-02 12:09:47,474 basehttp 23074 123145572036608 "GET /api/v1/trading/api/trading/portfolio/ HTTP/1.1" 401 58
INFO 2025-10-02 12:09:59,704 basehttp 23074 123145572036608 "GET /api/v1/trading/api/trading/portfolio/ HTTP/1.1" 200 481
INFO 2025-10-02 12:19:00,502 basehttp 23074 123145588826112 "GET /api/v1/trading/api/trading/trades/ HTTP/1.1" 200 5408
INFO 2025-10-02 12:25:05,385 autoreload 23074 4567340544 /Users/macbookpro/Desktop/cryptozeuz/Zeuz-Crypto/zeuzcrypto_server/zeuzcryptoserver/apps/client/trading/urls.py changed, reloading.
INFO 2025-10-02 12:25:06,014 autoreload 23309 4741944832 Watching for file changes with StatReloader
INFO 2025-10-02 12:25:08,436 autoreload 23309 4741944832 /Users/macbookpro/Desktop/cryptozeuz/Zeuz-Crypto/zeuzcrypto_server/zeuzcryptoserver/apps/client/trading/urls.py changed, reloading.
INFO 2025-10-02 12:25:09,069 autoreload 23317 4475168256 Watching for file changes with StatReloader
INFO 2025-10-02 12:25:12,619 autoreload 23317 4475168256 /Users/macbookpro/Desktop/cryptozeuz/Zeuz-Crypto/zeuzcrypto_server/zeuzcryptoserver/apps/client/trading/urls.py changed, reloading.
INFO 2025-10-02 12:25:13,245 autoreload 23322 4375864832 Watching for file changes with StatReloader
INFO 2025-10-02 12:30:31,691 autoreload 22948 23540 Watching for file changes with StatReloader
WARNING 2025-10-02 12:38:10,190 log 22948 21928 Not Found: /
WARNING 2025-10-02 12:38:10,191 basehttp 22948 21928 "GET / HTTP/1.1" 404 2173
WARNING 2025-10-02 12:38:10,537 log 22948 21928 Not Found: /favicon.ico
WARNING 2025-10-02 12:38:10,538 basehttp 22948 21928 "GET /favicon.ico HTTP/1.1" 404 2224
WARNING 2025-10-02 12:38:18,251 log 22948 18960 Not Found: /api/
WARNING 2025-10-02 12:38:18,252 basehttp 22948 18960 "GET /api/ HTTP/1.1" 404 2253
WARNING 2025-10-02 12:38:23,049 log 22948 13324 Not Found: /api/v1/
WARNING 2025-10-02 12:38:23,049 basehttp 22948 13324 "GET /api/v1/ HTTP/1.1" 404 2747
WARNING 2025-10-02 12:38:32,222 log 22948 18884 Not Found: /api/v1/trading/
WARNING 2025-10-02 12:38:32,223 basehttp 22948 18884 "GET /api/v1/trading/ HTTP/1.1" 404 5818
WARNING 2025-10-02 12:41:40,480 log 22948 21528 Unauthorized: /api/v1/trading/api/trading/
WARNING 2025-10-02 12:41:40,480 basehttp 22948 21528 "GET //api/v1/trading/api/trading/ HTTP/1.1" 401 183
INFO 2025-10-02 12:41:58,807 basehttp 22948 21528 "POST //api/v1/account/login/ HTTP/1.1" 200 1025
INFO 2025-10-02 12:42:22,702 basehttp 22948 21528 "GET //api/v1/trading/api/trading/ HTTP/1.1" 200 143
WARNING 2025-10-02 12:42:26,120 log 22948 11984 Unauthorized: /api/v1/trading/api/trading/trades/
WARNING 2025-10-02 12:42:26,121 basehttp 22948 11984 "GET /api/v1/trading/api/trading/trades/ HTTP/1.1" 401 5297
WARNING 2025-10-02 12:42:34,162 log 22948 3484 Unauthorized: /api/v1/trading/api/trading/trades/
WARNING 2025-10-02 12:42:34,163 basehttp 22948 3484 "GET /api/v1/trading/api/trading/trades/ HTTP/1.1" 401 5297
WARNING 2025-10-02 12:50:49,384 log 22948 5824 Not Found: /api/v1/trading/api/trading/place-order/
WARNING 2025-10-02 12:50:49,385 basehttp 22948 5824 "POST //api/v1/trading/api/trading/place-order/ HTTP/1.1" 404 10101
WARNING 2025-10-02 12:52:20,668 log 22948 20336 Unauthorized: /api/v1/trading/place-order/
WARNING 2025-10-02 12:52:20,669 basehttp 22948 20336 "POST //api/v1/trading/place-order/ HTTP/1.1" 401 183
INFO 2025-10-02 12:52:32,204 basehttp 22948 20336 "POST //api/v1/account/login/ HTTP/1.1" 200 1025
INFO 2025-10-02 12:52:53,499 basehttp 22948 20336 "POST //api/v1/trading/place-order/ HTTP/1.1" 201 205
INFO 2025-10-02 12:57:25,849 basehttp 22948 8768 "POST //api/v1/trading/place-order/ HTTP/1.1" 201 176
WARNING 2025-10-02 12:59:54,465 log 22948 23768 Bad Request: /api/v1/trading/place-order/
WARNING 2025-10-02 12:59:54,466 basehttp 22948 23768 "POST //api/v1/trading/place-order/ HTTP/1.1" 400 49
WARNING 2025-10-02 13:00:21,271 log 22948 23768 Bad Request: /api/v1/trading/place-order/
WARNING 2025-10-02 13:00:21,272 basehttp 22948 23768 "POST //api/v1/trading/place-order/ HTTP/1.1" 400 69
WARNING 2025-10-02 13:00:41,598 log 22948 23768 Bad Request: /api/v1/trading/place-order/
WARNING 2025-10-02 13:00:41,600 basehttp 22948 23768 "POST //api/v1/trading/place-order/ HTTP/1.1" 400 57
INFO 2025-10-02 13:01:07,758 basehttp 22948 23768 "POST //api/v1/trading/place-order/ HTTP/1.1" 201 188
WARNING 2025-10-02 13:17:22,536 log 22948 23424 Unauthorized: /api/v1/trading/close-trade/5e53eb90-33d9-4b24-80d4-b037a0c42601/
WARNING 2025-10-02 13:17:22,536 basehttp 22948 23424 "POST //api/v1/trading/close-trade/5e53eb90-33d9-4b24-80d4-b037a0c42601/ HTTP/1.1" 401 58
WARNING 2025-10-02 13:17:32,742 log 22948 23424 Unauthorized: /api/v1/trading/close-trade/5e53eb90-33d9-4b24-80d4-b037a0c42601/
WARNING 2025-10-02 13:17:32,743 basehttp 22948 23424 "POST //api/v1/trading/close-trade/5e53eb90-33d9-4b24-80d4-b037a0c42601/ HTTP/1.1" 401 183
INFO 2025-10-02 13:17:56,954 basehttp 22948 23424 "POST //api/v1/account/login/ HTTP/1.1" 200 1025
INFO 2025-10-02 13:18:24,027 basehttp 22948 23424 "POST //api/v1/trading/close-trade/5e53eb90-33d9-4b24-80d4-b037a0c42601/ HTTP/1.1" 200 124
WARNING 2025-10-02 13:20:37,995 log 22948 15096 Unauthorized: /api/v1/trading/portfolio/positions/
WARNING 2025-10-02 13:20:37,995 basehttp 22948 15096 "GET //api/v1/trading/portfolio/positions/ HTTP/1.1" 401 183
INFO 2025-10-02 13:20:50,111 basehttp 22948 15096 "POST //api/v1/account/login/ HTTP/1.1" 200 1025
WARNING 2025-10-02 13:21:09,084 log 22948 15096 Not Found: /api/v1/trading/api/trading/portfolio/summary/
WARNING 2025-10-02 13:21:09,085 basehttp 22948 15096 "GET //api/v1/trading/api/trading/portfolio/summary/ HTTP/1.1" 404 23
WARNING 2025-10-02 13:21:47,563 log 22948 15096 Unauthorized: /api/v1/trading/portfolio/positions/
WARNING 2025-10-02 13:21:47,564 basehttp 22948 15096 "GET //api/v1/trading/portfolio/positions/ HTTP/1.1" 401 183
INFO 2025-10-02 13:22:05,038 basehttp 22948 15096 "GET //api/v1/trading/portfolio/summary/ HTTP/1.1" 200 429
WARNING 2025-10-02 13:22:39,570 log 22948 15096 Unauthorized: /api/v1/trading/portfolio/positions/
WARNING 2025-10-02 13:22:39,571 basehttp 22948 15096 "GET //api/v1/trading/portfolio/positions/ HTTP/1.1" 401 183
INFO 2025-10-02 13:22:59,251 basehttp 22948 15096 "POST //api/v1/account/login/ HTTP/1.1" 200 1025
INFO 2025-10-02 13:23:23,971 basehttp 22948 15096 "GET //api/v1/trading/portfolio/positions/ HTTP/1.1" 200 983
WARNING 2025-10-02 13:23:54,897 log 22948 15096 Unauthorized: /api/v1/trading/place-order/
WARNING 2025-10-02 13:23:54,898 basehttp 22948 15096 "POST //api/v1/trading/place-order/ HTTP/1.1" 401 183
INFO 2025-10-02 13:24:08,717 basehttp 22948 15096 "POST //api/v1/trading/place-order/ HTTP/1.1" 201 176
INFO 2025-10-02 13:24:17,519 basehttp 22948 15096 "GET //api/v1/trading/portfolio/positions/ HTTP/1.1" 200 1312
INFO 2025-10-02 13:24:44,354 basehttp 22948 15096 "GET //api/v1/trading/portfolio/pnl/ HTTP/1.1" 200 1317
WARNING 2025-10-02 13:25:13,034 log 22948 15096 Not Found: /api/v1/trading/api/trading/risk-check/
WARNING 2025-10-02 13:25:13,035 basehttp 22948 15096 "POST //api/v1/trading/api/trading/risk-check/ HTTP/1.1" 404 10098
WARNING 2025-10-03 11:45:47,384 log 22948 22832 Bad Request: /api/v1/account/register/
WARNING 2025-10-03 11:45:47,389 basehttp 22948 22832 "POST //api/v1/account/register/ HTTP/1.1" 400 52
WARNING 2025-10-03 11:45:55,901 log 22948 22832 Bad Request: /api/v1/account/register/
WARNING 2025-10-03 11:45:55,902 basehttp 22948 22832 "POST //api/v1/account/register/ HTTP/1.1" 400 47
INFO 2025-10-03 11:46:08,899 basehttp 22948 22832 "POST //api/v1/account/register/ HTTP/1.1" 201 1031
INFO 2025-10-03 11:46:29,812 basehttp 22948 22832 "POST //api/v1/account/login/ HTTP/1.1" 200 1025
INFO 2025-10-03 12:20:50,297 basehttp 22948 15836 "POST //api/v1/account/login/ HTTP/1.1" 200 1025
INFO 2025-10-03 12:21:27,596 basehttp 22948 15836 "POST //api/v1/trading/place-order/ HTTP/1.1" 201 176
INFO 2025-10-03 12:22:00,594 basehttp 22948 15836 "POST //api/v1/trading/place-order/ HTTP/1.1" 201 132
WARNING 2025-10-03 12:23:50,729 log 22948 15108 Unauthorized: /api/v1/trading/portfolio/pnl/
WARNING 2025-10-03 12:23:50,729 basehttp 22948 15108 "GET //api/v1/trading/portfolio/pnl/ HTTP/1.1" 401 183
INFO 2025-10-03 13:49:09,995 basehttp 22948 26116 "POST //api/v1/account/login/ HTTP/1.1" 200 1025
WARNING 2025-10-03 13:49:25,597 log 22948 26116 Not Found: /api/v1/trading/api/trading/history/
WARNING 2025-10-03 13:49:25,597 basehttp 22948 26116 "GET //api/v1/trading/api/trading/history/ HTTP/1.1" 404 10088
WARNING 2025-10-03 13:49:45,859 log 22948 26116 Not Found: /api/v1/tradinghistory/
WARNING 2025-10-03 13:49:45,861 basehttp 22948 26116 "GET //api/v1/tradinghistory/ HTTP/1.1" 404 2792
INFO 2025-10-03 13:50:05,955 basehttp 22948 26116 "GET //api/v1/trading/history/ HTTP/1.1" 200 512
INFO 2025-10-03 13:50:31,600 basehttp 22948 26116 "GET //api/v1/trading/portfolio/positions/ HTTP/1.1" 200 660
WARNING 2025-10-03 13:53:35,405 log 22948 31988 Unauthorized: /api/v1/trading/api/trading/
WARNING 2025-10-03 13:53:35,406 basehttp 22948 31988 "GET //api/v1/trading/api/trading/ HTTP/1.1" 401 183
INFO 2025-10-03 13:53:43,276 basehttp 22948 31988 "POST //api/v1/account/login/ HTTP/1.1" 200 1025
INFO 2025-10-03 13:54:01,616 basehttp 22948 31988 "GET //api/v1/trading/api/trading/ HTTP/1.1" 200 143
INFO 2025-10-03 13:55:18,045 basehttp 22948 31988 "GET /api/v1/trading/api/trading/trades/ HTTP/1.1" 200 1709
INFO 2025-10-03 16:25:56,608 autoreload 22948 23540 D:\Zeuz-Crypto\zeuzcrypto_server\zeuzcryptoserver\zeuzcryptoserver\settings\base.py changed, reloading.
INFO 2025-10-03 16:25:58,751 autoreload 3876 30964 Watching for file changes with StatReloader
INFO 2025-10-03 16:26:43,849 basehttp 3876 23940 "POST //api/v1/account/login/ HTTP/1.1" 200 1025
WARNING 2025-10-03 16:27:28,393 log 3876 23940 Bad Request: /api/v1/trading/place-order/
WARNING 2025-10-03 16:27:28,394 basehttp 3876 23940 "POST //api/v1/trading/place-order/ HTTP/1.1" 400 73
INFO 2025-10-03 16:27:44,357 basehttp 3876 23940 "POST //api/v1/trading/place-order/ HTTP/1.1" 201 212
WARNING 2025-10-03 20:15:27,156 log 3876 30960 Unauthorized: /api/v1/trading/place-order/
WARNING 2025-10-03 20:15:27,161 basehttp 3876 30960 "POST //api/v1/trading/place-order/ HTTP/1.1" 401 183
INFO 2025-10-03 20:15:38,653 autoreload 3876 30964 D:\Zeuz-Crypto\zeuzcrypto_server\zeuzcryptoserver\zeuzcryptoserver\settings\base.py changed, reloading.
INFO 2025-10-03 20:15:40,080 autoreload 25636 14608 Watching for file changes with StatReloader
INFO 2025-10-03 20:15:51,349 basehttp 25636 5556 "POST //api/v1/account/login/ HTTP/1.1" 200 1025
INFO 2025-10-03 20:16:10,140 basehttp 25636 5556 "POST //api/v1/trading/place-order/ HTTP/1.1" 201 181
INFO 2025-10-03 20:16:17,334 basehttp 25636 5556 "POST //api/v1/trading/place-order/ HTTP/1.1" 201 181
INFO 2025-10-03 20:16:21,500 basehttp 25636 5556 "POST //api/v1/trading/place-order/ HTTP/1.1" 201 181
INFO 2025-10-03 20:16:28,912 basehttp 25636 5556 "POST //api/v1/trading/place-order/ HTTP/1.1" 201 181
INFO 2025-10-03 20:16:35,166 basehttp 25636 5556 "POST //api/v1/trading/place-order/ HTTP/1.1" 201 181
INFO 2025-10-03 20:16:38,614 basehttp 25636 5556 "POST //api/v1/trading/place-order/ HTTP/1.1" 201 181
INFO 2025-10-03 20:16:42,030 basehttp 25636 5556 "POST //api/v1/trading/place-order/ HTTP/1.1" 201 181
INFO 2025-10-03 20:16:46,107 basehttp 25636 5556 "POST //api/v1/trading/place-order/ HTTP/1.1" 201 181
INFO 2025-10-03 20:16:49,789 basehttp 25636 5556 "POST //api/v1/trading/place-order/ HTTP/1.1" 201 182
INFO 2025-10-03 20:16:53,521 basehttp 25636 5556 "POST //api/v1/trading/place-order/ HTTP/1.1" 201 182
INFO 2025-10-03 20:17:23,315 basehttp 25636 5556 "POST //api/v1/trading/place-order/ HTTP/1.1" 201 181
INFO 2025-10-03 20:17:30,017 basehttp 25636 5556 "POST //api/v1/trading/place-order/ HTTP/1.1" 201 180
INFO 2025-10-03 20:17:33,388 basehttp 25636 5556 "POST //api/v1/trading/place-order/ HTTP/1.1" 201 180
WARNING 2025-10-03 20:19:27,477 log 25636 4340 Unauthorized: /api/v1/trading/close-trade/1305de32-9016-4fcc-af94-3249578e0bfe/
WARNING 2025-10-03 20:19:27,477 basehttp 25636 4340 "POST //api/v1/trading/close-trade/1305de32-9016-4fcc-af94-3249578e0bfe/ HTTP/1.1" 401 58
INFO 2025-10-03 20:19:36,850 basehttp 25636 4340 "POST //api/v1/trading/close-trade/1305de32-9016-4fcc-af94-3249578e0bfe/ HTTP/1.1" 200 123
WARNING 2025-10-03 20:20:50,050 log 25636 10772 Not Found: /api/v1/trading/api/trading/partial-close/1305de32-9016-4fcc-af94-3249578e0bfe/
WARNING 2025-10-03 20:20:50,050 basehttp 25636 10772 "POST //api/v1/trading/api/trading/partial-close/1305de32-9016-4fcc-af94-3249578e0bfe/ HTTP/1.1" 404 10218
WARNING 2025-10-03 20:21:04,243 log 25636 10772 Bad Request: /api/v1/trading/partial-close/1305de32-9016-4fcc-af94-3249578e0bfe/
WARNING 2025-10-03 20:21:04,243 basehttp 25636 10772 "POST //api/v1/trading/partial-close/1305de32-9016-4fcc-af94-3249578e0bfe/ HTTP/1.1" 400 40
WARNING 2025-10-03 20:21:33,869 log 25636 10772 Bad Request: /api/v1/trading/partial-close/1305de32-9016-4fcc-af94-3249578e0bfe/
WARNING 2025-10-03 20:21:33,870 basehttp 25636 10772 "POST //api/v1/trading/partial-close/1305de32-9016-4fcc-af94-3249578e0bfe/ HTTP/1.1" 400 58
WARNING 2025-10-03 20:21:45,519 log 25636 10772 Bad Request: /api/v1/trading/partial-close/1305de32-9016-4fcc-af94-3249578e0bfe/
WARNING 2025-10-03 20:21:45,519 basehttp 25636 10772 "POST //api/v1/trading/partial-close/1305de32-9016-4fcc-af94-3249578e0bfe/ HTTP/1.1" 400 58
WARNING 2025-10-03 20:21:52,518 log 25636 10772 Bad Request: /api/v1/trading/partial-close/1305de32-9016-4fcc-af94-3249578e0bfe/
WARNING 2025-10-03 20:21:52,518 basehttp 25636 10772 "POST //api/v1/trading/partial-close/1305de32-9016-4fcc-af94-3249578e0bfe/ HTTP/1.1" 400 58
WARNING 2025-10-03 20:22:14,114 log 25636 10772 Bad Request: /api/v1/trading/partial-close/1305de32-9016-4fcc-af94-3249578e0bfe/
WARNING 2025-10-03 20:22:14,114 basehttp 25636 10772 "POST //api/v1/trading/partial-close/1305de32-9016-4fcc-af94-3249578e0bfe/ HTTP/1.1" 400 58
INFO 2025-10-03 20:22:33,114 basehttp 25636 10772 "POST //api/v1/trading/place-order/ HTTP/1.1" 201 217
INFO 2025-10-03 20:23:02,903 basehttp 25636 10772 "POST //api/v1/trading/partial-close/d5efa848-d008-4a58-b415-1642315fa19d/ HTTP/1.1" 200 169
WARNING 2025-10-03 20:25:25,096 log 25636 27432 Unauthorized: /api/v1/trading/place-order/
WARNING 2025-10-03 20:25:25,097 basehttp 25636 27432 "POST //api/v1/trading/place-order/ HTTP/1.1" 401 183
INFO 2025-10-03 20:25:51,040 basehttp 25636 27432 "POST //api/v1/trading/place-order/ HTTP/1.1" 201 208
INFO 2025-10-03 20:26:07,847 basehttp 25636 27432 "POST //api/v1/trading/place-order/ HTTP/1.1" 201 208
WARNING 2025-10-03 20:26:57,420 log 25636 27432 Not Found: /api/v1/trading/api/trading/partial-close/0b9dbd57-9725-46f2-a767-01f6765599e9/
WARNING 2025-10-03 20:26:57,420 basehttp 25636 27432 "POST //api/v1/trading/api/trading/partial-close/0b9dbd57-9725-46f2-a767-01f6765599e9/ HTTP/1.1" 404 10218
INFO 2025-10-03 20:27:10,572 basehttp 25636 27432 "POST //api/v1/trading/partial-close/0b9dbd57-9725-46f2-a767-01f6765599e9/ HTTP/1.1" 200 170
WARNING 2025-10-03 20:27:20,262 log 25636 27432 Unauthorized: /api/v1/trading/portfolio/summary/
WARNING 2025-10-03 20:27:20,262 basehttp 25636 27432 "GET //api/v1/trading/portfolio/summary/ HTTP/1.1" 401 183
INFO 2025-10-03 20:27:41,078 basehttp 25636 27432 "GET //api/v1/trading/portfolio/summary/ HTTP/1.1" 200 433
INFO 2025-10-03 20:28:05,172 basehttp 25636 27432 "GET /api/v1/trading/api/trading/trades/ HTTP/1.1" 200 8015
INFO 2025-10-03 20:28:28,504 basehttp 25636 27432 "GET //api/v1/trading/portfolio/positions/ HTTP/1.1" 200 1031
WARNING 2025-10-03 20:32:37,399 log 25636 8144 Unauthorized: /api/v1/trading/portfolio/pnl/
WARNING 2025-10-03 20:32:37,399 basehttp 25636 8144 "GET //api/v1/trading/portfolio/pnl/ HTTP/1.1" 401 183
WARNING 2025-10-03 20:33:12,719 log 25636 8144 Unauthorized: /api/v1/trading/portfolio/pnl/
WARNING 2025-10-03 20:33:12,719 basehttp 25636 8144 "GET //api/v1/trading/portfolio/pnl/ HTTP/1.1" 401 183
INFO 2025-10-03 20:33:19,800 basehttp 25636 8144 "POST //api/v1/account/login/ HTTP/1.1" 200 1025
INFO 2025-10-03 20:33:34,877 basehttp 25636 8144 "GET //api/v1/trading/portfolio/pnl/ HTTP/1.1" 200 2532
INFO 2025-10-03 20:33:59,281 basehttp 25636 8144 "POST //api/v1/trading/place-order/ HTTP/1.1" 201 186
INFO 2025-10-03 20:34:10,888 basehttp 25636 8144 "POST //api/v1/trading/place-order/ HTTP/1.1" 201 186
INFO 2025-10-03 20:34:14,514 basehttp 25636 8144 "POST //api/v1/trading/place-order/ HTTP/1.1" 201 186
INFO 2025-10-03 20:34:17,962 basehttp 25636 8144 "POST //api/v1/trading/place-order/ HTTP/1.1" 201 186
INFO 2025-10-03 20:34:35,725 basehttp 25636 8144 "POST //api/v1/trading/place-order/ HTTP/1.1" 201 181
INFO 2025-10-03 20:34:44,380 basehttp 25636 8144 "POST //api/v1/trading/place-order/ HTTP/1.1" 201 185
INFO 2025-10-03 20:35:00,445 basehttp 25636 8144 "POST //api/v1/trading/place-order/ HTTP/1.1" 201 184
INFO 2025-10-03 20:35:27,511 basehttp 25636 8144 "POST //api/v1/trading/place-order/ HTTP/1.1" 201 172
INFO 2025-10-03 20:35:32,754 basehttp 25636 8144 "POST //api/v1/trading/place-order/ HTTP/1.1" 201 217
INFO 2025-10-03 20:37:25,078 basehttp 25636 4676 "POST //api/v1/trading/place-order/ HTTP/1.1" 201 187
INFO 2025-10-03 20:38:35,256 basehttp 25636 22716 "POST //api/v1/trading/place-order/ HTTP/1.1" 201 182
INFO 2025-10-03 20:38:51,842 basehttp 25636 22716 "POST //api/v1/trading/place-order/ HTTP/1.1" 201 185
INFO 2025-10-03 20:39:11,696 basehttp 25636 22716 "POST //api/v1/trading/place-order/ HTTP/1.1" 201 182
INFO 2025-10-03 20:39:16,056 basehttp 25636 22716 "POST //api/v1/trading/place-order/ HTTP/1.1" 201 186
INFO 2025-10-03 20:39:20,936 basehttp 25636 22716 "POST //api/v1/trading/place-order/ HTTP/1.1" 201 186
INFO 2025-10-03 20:39:59,779 basehttp 25636 22716 "POST //api/v1/trading/place-order/ HTTP/1.1" 201 181
INFO 2025-10-03 20:40:12,218 basehttp 25636 22716 "POST //api/v1/trading/place-order/ HTTP/1.1" 201 172
INFO 2025-10-03 20:40:22,823 basehttp 25636 22716 "POST //api/v1/trading/place-order/ HTTP/1.1" 201 217
INFO 2025-10-03 20:40:36,454 basehttp 25636 22716 "POST //api/v1/trading/place-order/ HTTP/1.1" 201 186
INFO 2025-10-04 11:29:35,556 basehttp 25636 7112 "POST //api/v1/account/login/ HTTP/1.1" 200 1025
INFO 2025-10-04 11:30:14,572 basehttp 25636 7112 "POST //api/v1/trading/place-order/ HTTP/1.1" 201 183
WARNING 2025-10-04 11:31:08,805 log 25636 7112 Bad Request: /api/v1/trading/place-order/
WARNING 2025-10-04 11:31:08,805 basehttp 25636 7112 "POST //api/v1/trading/place-order/ HTTP/1.1" 400 214
INFO 2025-10-04 11:44:33,191 autoreload 30592 33500 Watching for file changes with StatReloader
WARNING 2025-10-04 11:44:41,150 log 30592 11492 Unauthorized: /api/v1/trading/place-order/
WARNING 2025-10-04 11:44:41,150 basehttp 30592 11492 "POST //api/v1/trading/place-order/ HTTP/1.1" 401 183
INFO 2025-10-04 11:44:53,496 basehttp 30592 11492 "POST //api/v1/account/login/ HTTP/1.1" 200 1025
INFO 2025-10-04 11:47:13,351 basehttp 30592 11492 "POST //api/v1/trading/place-order/ HTTP/1.1" 201 171
